<?xml version="1.0" encoding="UTF-8"?>
<testng-results skipped="0" failed="0" ignored="1" total="7" passed="6">
  <reporter-output>
  </reporter-output>
  <suite name="Suite" duration-ms="41777" started-at="2020-06-12T03:09:17Z" finished-at="2020-06-12T03:09:59Z">
    <groups>
    </groups>
    <test name="Test" duration-ms="41777" started-at="2020-06-12T03:09:17Z" finished-at="2020-06-12T03:09:59Z">
      <class name="orangeHRM.testcases.Loginscenarios">
        <test-method status="PASS" signature="setupReport()[pri:0, instance:orangeHRM.testcases.Loginscenarios@4883b407]" name="setupReport" is-config="true" duration-ms="172" started-at="2020-06-12T03:09:17Z" finished-at="2020-06-12T03:09:17Z">
          <reporter-output>
          </reporter-output>
        </test-method> <!-- setupReport -->
        <test-method status="PASS" signature="setUP()[pri:0, instance:orangeHRM.testcases.Loginscenarios@4883b407]" name="setUP" is-config="true" duration-ms="9976" started-at="2020-06-12T03:09:17Z" finished-at="2020-06-12T03:09:27Z">
          <reporter-output>
          </reporter-output>
        </test-method> <!-- setUP -->
        <test-method status="PASS" signature="verifyPage()[pri:0, instance:orangeHRM.testcases.Loginscenarios@4883b407]" name="verifyPage" duration-ms="54" started-at="2020-06-12T03:09:27Z" finished-at="2020-06-12T03:09:27Z">
          <reporter-output>
          </reporter-output>
        </test-method> <!-- verifyPage -->
        <test-method status="PASS" signature="tearDownReport(org.testng.ITestResult)[pri:0, instance:orangeHRM.testcases.Loginscenarios@4883b407]" name="tearDownReport" is-config="true" duration-ms="1520" started-at="2020-06-12T03:09:27Z" finished-at="2020-06-12T03:09:29Z">
          <params>
            <param index="0">
              <value>
                <![CDATA[[TestResult name=verifyPage status=SUCCESS method=Loginscenarios.verifyPage()[pri:0, instance:orangeHRM.testcases.Loginscenarios@4883b407] output={null}]]]>
              </value>
            </param>
          </params>
          <reporter-output>
          </reporter-output>
        </test-method> <!-- tearDownReport -->
        <test-method status="PASS" signature="LoginToApplication()[pri:1, instance:orangeHRM.testcases.Loginscenarios@4883b407]" name="LoginToApplication" duration-ms="5539" started-at="2020-06-12T03:09:36Z" depends-on-methods="orangeHRM.testcases.Loginscenarios.verifyPage" finished-at="2020-06-12T03:09:42Z">
          <reporter-output>
          </reporter-output>
        </test-method> <!-- LoginToApplication -->
        <test-method status="PASS" signature="tearDownReport(org.testng.ITestResult)[pri:0, instance:orangeHRM.testcases.Loginscenarios@4883b407]" name="tearDownReport" is-config="true" duration-ms="53" started-at="2020-06-12T03:09:42Z" finished-at="2020-06-12T03:09:42Z">
          <params>
            <param index="0">
              <value>
                <![CDATA[[TestResult name=LoginToApplication status=SUCCESS method=Loginscenarios.LoginToApplication()[pri:1, instance:orangeHRM.testcases.Loginscenarios@4883b407] output={null}]]]>
              </value>
            </param>
          </params>
          <reporter-output>
          </reporter-output>
        </test-method> <!-- tearDownReport -->
        <test-method status="PASS" signature="logoutFromApplication()[pri:2, instance:orangeHRM.testcases.Loginscenarios@4883b407]" name="logoutFromApplication" duration-ms="2627" started-at="2020-06-12T03:09:48Z" depends-on-methods="orangeHRM.testcases.Loginscenarios.LoginToApplication" finished-at="2020-06-12T03:09:51Z">
          <reporter-output>
          </reporter-output>
        </test-method> <!-- logoutFromApplication -->
        <test-method status="PASS" signature="tearDownReport(org.testng.ITestResult)[pri:0, instance:orangeHRM.testcases.Loginscenarios@4883b407]" name="tearDownReport" is-config="true" duration-ms="65" started-at="2020-06-12T03:09:51Z" finished-at="2020-06-12T03:09:51Z">
          <params>
            <param index="0">
              <value>
                <![CDATA[[TestResult name=logoutFromApplication status=SUCCESS method=Loginscenarios.logoutFromApplication()[pri:2, instance:orangeHRM.testcases.Loginscenarios@4883b407] output={null}]]]>
              </value>
            </param>
          </params>
          <reporter-output>
          </reporter-output>
        </test-method> <!-- tearDownReport -->
        <test-method status="PASS" signature="tearDown()[pri:0, instance:orangeHRM.testcases.Loginscenarios@4883b407]" name="tearDown" is-config="true" duration-ms="886" started-at="2020-06-12T03:09:51Z" finished-at="2020-06-12T03:09:52Z">
          <reporter-output>
          </reporter-output>
        </test-method> <!-- tearDown -->
      </class> <!-- orangeHRM.testcases.Loginscenarios -->
      <class name="orangeHRM.testcases.CreateUserFromAdmin">
        <test-method status="PASS" signature="setUP()[pri:0, instance:orangeHRM.testcases.CreateUserFromAdmin@7d9d1a19]" name="setUP" is-config="true" duration-ms="7036" started-at="2020-06-12T03:09:29Z" finished-at="2020-06-12T03:09:36Z">
          <reporter-output>
          </reporter-output>
        </test-method> <!-- setUP -->
        <test-method status="PASS" signature="verifyPage()[pri:0, instance:orangeHRM.testcases.CreateUserFromAdmin@7d9d1a19]" name="verifyPage" duration-ms="17" started-at="2020-06-12T03:09:36Z" finished-at="2020-06-12T03:09:36Z">
          <reporter-output>
          </reporter-output>
        </test-method> <!-- verifyPage -->
        <test-method status="PASS" signature="tearDownReport(org.testng.ITestResult)[pri:0, instance:orangeHRM.testcases.CreateUserFromAdmin@7d9d1a19]" name="tearDownReport" is-config="true" duration-ms="87" started-at="2020-06-12T03:09:36Z" finished-at="2020-06-12T03:09:36Z">
          <params>
            <param index="0">
              <value>
                <![CDATA[[TestResult name=verifyPage status=SUCCESS method=CreateUserFromAdmin.verifyPage()[pri:0, instance:orangeHRM.testcases.CreateUserFromAdmin@7d9d1a19] output={null}]]]>
              </value>
            </param>
          </params>
          <reporter-output>
          </reporter-output>
        </test-method> <!-- tearDownReport -->
        <test-method status="PASS" signature="LoginToApplication()[pri:1, instance:orangeHRM.testcases.CreateUserFromAdmin@7d9d1a19]" name="LoginToApplication" duration-ms="6243" started-at="2020-06-12T03:09:42Z" depends-on-methods="orangeHRM.testcases.CreateUserFromAdmin.verifyPage" finished-at="2020-06-12T03:09:48Z">
          <reporter-output>
          </reporter-output>
        </test-method> <!-- LoginToApplication -->
        <test-method status="PASS" signature="tearDownReport(org.testng.ITestResult)[pri:0, instance:orangeHRM.testcases.CreateUserFromAdmin@7d9d1a19]" name="tearDownReport" is-config="true" duration-ms="54" started-at="2020-06-12T03:09:48Z" finished-at="2020-06-12T03:09:48Z">
          <params>
            <param index="0">
              <value>
                <![CDATA[[TestResult name=LoginToApplication status=SUCCESS method=CreateUserFromAdmin.LoginToApplication()[pri:1, instance:orangeHRM.testcases.CreateUserFromAdmin@7d9d1a19] output={null}]]]>
              </value>
            </param>
          </params>
          <reporter-output>
          </reporter-output>
        </test-method> <!-- tearDownReport -->
        <test-method status="PASS" signature="logoutFromApplication()[pri:2, instance:orangeHRM.testcases.CreateUserFromAdmin@7d9d1a19]" name="logoutFromApplication" duration-ms="6620" started-at="2020-06-12T03:09:52Z" depends-on-methods="orangeHRM.testcases.CreateUserFromAdmin.LoginToApplication" finished-at="2020-06-12T03:09:58Z">
          <reporter-output>
          </reporter-output>
        </test-method> <!-- logoutFromApplication -->
        <test-method status="PASS" signature="tearDownReport(org.testng.ITestResult)[pri:0, instance:orangeHRM.testcases.CreateUserFromAdmin@7d9d1a19]" name="tearDownReport" is-config="true" duration-ms="45" started-at="2020-06-12T03:09:58Z" finished-at="2020-06-12T03:09:58Z">
          <params>
            <param index="0">
              <value>
                <![CDATA[[TestResult name=logoutFromApplication status=SUCCESS method=CreateUserFromAdmin.logoutFromApplication()[pri:2, instance:orangeHRM.testcases.CreateUserFromAdmin@7d9d1a19] output={null}]]]>
              </value>
            </param>
          </params>
          <reporter-output>
          </reporter-output>
        </test-method> <!-- tearDownReport -->
        <test-method status="PASS" signature="tearDown()[pri:0, instance:orangeHRM.testcases.CreateUserFromAdmin@7d9d1a19]" name="tearDown" is-config="true" duration-ms="922" started-at="2020-06-12T03:09:58Z" finished-at="2020-06-12T03:09:59Z">
          <reporter-output>
          </reporter-output>
        </test-method> <!-- tearDown -->
      </class> <!-- orangeHRM.testcases.CreateUserFromAdmin -->
    </test> <!-- Test -->
  </suite> <!-- Suite -->
</testng-results>
