<?xml version="1.0" encoding="UTF-8"?>
<!-- Generated by org.testng.reporters.JUnitXMLReporter -->
<testsuite hostname="OPBL-5CG933380M" ignored="1" name="Test" tests="6" failures="0" timestamp="12 Jun 2020 03:09:59 GMT" time="41.777" errors="0">
  <testcase name="verifyPage" time="0.054" classname="orangeHRM.testcases.Loginscenarios"/>
  <testcase name="verifyPage" time="0.017" classname="orangeHRM.testcases.CreateUserFromAdmin"/>
  <testcase name="LoginToApplication" time="5.539" classname="orangeHRM.testcases.Loginscenarios"/>
  <testcase name="LoginToApplication" time="6.243" classname="orangeHRM.testcases.CreateUserFromAdmin"/>
  <testcase name="logoutFromApplication" time="2.627" classname="orangeHRM.testcases.Loginscenarios"/>
  <testcase name="logoutFromApplication" time="6.62" classname="orangeHRM.testcases.CreateUserFromAdmin"/>
  <testcase name="@BeforeSuite setupReport" time="0.0" classname="orangeHRM.pages.BaseClass">
    <ignored/>
  </testcase> <!-- @BeforeSuite setupReport -->
</testsuite> <!-- Test -->
