<?xml version="1.0" encoding="UTF-8"?>
<!-- Generated by org.testng.reporters.JUnitXMLReporter -->
<testsuite hostname="OPBL-5CG933380M" ignored="0" name="Default test" tests="3" failures="0" timestamp="11 Jun 2020 11:48:32 GMT" time="23.662" errors="0">
  <testcase name="verifyPage" time="0.044" classname="orangeHRM.testcases.CreateUserFromAdmin"/>
  <testcase name="LoginToApplication" time="7.076" classname="orangeHRM.testcases.CreateUserFromAdmin"/>
  <testcase name="logoutFromApplication" time="5.785" classname="orangeHRM.testcases.CreateUserFromAdmin"/>
</testsuite> <!-- Default test -->
