<?xml version="1.0" encoding="UTF-8"?>
<!-- Generated by org.testng.reporters.JUnitXMLReporter -->
<testsuite hostname="OPBL-5CG933380M" ignored="0" name="Default test" tests="3" failures="0" timestamp="10 Jun 2020 04:35:39 GMT" time="17.926" errors="0">
  <testcase name="verifyPage" time="0.021" classname="orangeHRM.testcases.Loginscenarios"/>
  <testcase name="LoginToApplication" time="5.068" classname="orangeHRM.testcases.Loginscenarios"/>
  <testcase name="logoutFromApplication" time="3.127" classname="orangeHRM.testcases.Loginscenarios"/>
</testsuite> <!-- Default test -->
